d:\bachelor\aimodule 3.7.4\release\aibotmodule.lib
d:\bachelor\aimodule 3.7.4\release\aibotmodule.exp
d:\programs\bwapi 3.7.4\exampleaimodule\release\exampleaimodule.obj
d:\programs\bwapi 3.7.4\exampleaimodule\release\dll.obj
d:\programs\bwapi 3.7.4\exampleaimodule\release\vc90.pdb
d:\bachelor\aimodule 3.7.4\exampleaimodule\release\exampleaimodule.obj
d:\bachelor\aimodule 3.7.4\exampleaimodule\release\dll.obj
d:\bachelor\aimodule 3.7.4\exampleaimodule\release\vc90.pdb
d:\bachelor\aimodule 3.7.4\exampleaimodule\release\primary.obj
d:\bachelor\aimodule 3.7.4\exampleaimodule\release\workermanager.obj
d:\bachelor\aimodule 3.7.4\exampleaimodule\release\economist.obj
d:\bachelor\aimodule 3.7.4\exampleaimodule\release\reconnoiter.obj
d:\bachelor\aimodule 3.7.4\exampleaimodule\release\producer.obj
d:\bachelor\aimodule 3.7.4\exampleaimodule\release\armymanager.obj
d:\bachelor\aimodule 3.7.4\exampleaimodule\release\architect.obj
d:\bachelor\aimodule 3.7.4\exampleaimodule\release\accountant.obj
d:\programs\bwapi 3.7.4\release\exampleaimodule.lib
d:\programs\bwapi 3.7.4\release\exampleaimodule.exp
d:\bachelor\aimodule 3.7.4\release\exampleaimodule.lib
d:\bachelor\aimodule 3.7.4\release\exampleaimodule.exp
d:\programs\bwapi 3.7.4\release\exampleaimodule.dll
d:\programs\bwapi 3.7.4\exampleaimodule\release\exampleaimodule.dll.intermediate.manifest
d:\bachelor\aimodule 3.7.4\release\exampleaimodule.dll
d:\bachelor\aimodule 3.7.4\exampleaimodule\release\exampleaimodule.dll.intermediate.manifest
d:\bachelor\aimodule 3.7.4\release\aibotmodule.dll
d:\bachelor\aimodule 3.7.4\exampleaimodule\release\aibotmodule.dll.intermediate.manifest
d:\programs\bwapi 3.7.4\exampleaimodule\release\exampleaimodule.dll.embed.manifest
d:\programs\bwapi 3.7.4\exampleaimodule\release\exampleaimodule.dll.embed.manifest.res
d:\bachelor\aimodule 3.7.4\exampleaimodule\release\aibotmodule.write.1.tlog
d:\bachelor\aimodule 3.7.4\exampleaimodule\release\cl.command.1.tlog
d:\bachelor\aimodule 3.7.4\exampleaimodule\release\cl.read.1.tlog
d:\bachelor\aimodule 3.7.4\exampleaimodule\release\cl.write.1.tlog
d:\bachelor\aimodule 3.7.4\exampleaimodule\release\exampleaimodule.write.1.tlog
d:\bachelor\aimodule 3.7.4\exampleaimodule\release\link-cvtres.read.1.tlog
d:\bachelor\aimodule 3.7.4\exampleaimodule\release\link-cvtres.write.1.tlog
d:\bachelor\aimodule 3.7.4\exampleaimodule\release\link.command.1.tlog
d:\bachelor\aimodule 3.7.4\exampleaimodule\release\link.read.1.tlog
d:\bachelor\aimodule 3.7.4\exampleaimodule\release\link.write.1.tlog
d:\bachelor\aimodule 3.7.4\exampleaimodule\release\mt.command.1.tlog
d:\bachelor\aimodule 3.7.4\exampleaimodule\release\mt.read.1.tlog
d:\bachelor\aimodule 3.7.4\exampleaimodule\release\mt.write.1.tlog
d:\bachelor\aimodule 3.7.4\exampleaimodule\release\rc.command.1.tlog
d:\bachelor\aimodule 3.7.4\exampleaimodule\release\rc.read.1.tlog
d:\bachelor\aimodule 3.7.4\exampleaimodule\release\rc.write.1.tlog
d:\bachelor\aimodule 3.7.4\exampleaimodule\release\exampleaimodule.dll.embed.manifest
d:\bachelor\aimodule 3.7.4\exampleaimodule\release\exampleaimodule.dll.embed.manifest.res
d:\bachelor\aimodule 3.7.4\exampleaimodule\release\vc120.pdb
d:\bachelor\aimodule 3.7.4\exampleaimodule\release\exampleaimodule_manifest.rc
