Build started 04-02-2015 20:08:33.
     1>Project "D:\Bachelor\StarcraftAIClient\StarcraftAIClient\StarcraftAIClient.vcxproj" on node 2 (Build target(s)).
     1>ClCompile:
         D:\Programs\Microsoft Visual Studio 12.0\VC\bin\CL.exe /c /I../include /ZI /nologo /W3 /WX- /sdl /Od /Oy- /D _MBCS /Gm /EHsc /RTC1 /MDd /GS /fp:precise /Zc:wchar_t /Zc:forScope /Fo"Debug\\" /Fd"Debug\vc120.pdb" /Gd /TP /analyze- /errorReport:prompt Primary.cpp
         Primary.cpp
       Link:
         D:\Programs\Microsoft Visual Studio 12.0\VC\bin\link.exe /ERRORREPORT:PROMPT /OUT:"D:\Bachelor\StarcraftAIClient\Debug\StarcraftAIClient.exe" /INCREMENTAL /NOLOGO kernel32.lib user32.lib gdi32.lib winspool.lib comdlg32.lib advapi32.lib shell32.lib ole32.lib oleaut32.lib uuid.lib odbc32.lib odbccp32.lib /MANIFEST /MANIFESTUAC:"level='asInvoker' uiAccess='false'" /manifest:embed /DEBUG /PDB:"D:\Bachelor\StarcraftAIClient\Debug\StarcraftAIClient.pdb" /TLBID:1 /DYNAMICBASE /NXCOMPAT /IMPLIB:"D:\Bachelor\StarcraftAIClient\Debug\StarcraftAIClient.lib" /MACHINE:X86 Debug\Primary.obj
     1>Primary.obj : error LNK2019: unresolved external symbol "public: __thiscall BWAPI::PositionOrUnit::PositionOrUnit(class BWAPI::UnitInterface *)" (??0PositionOrUnit@BWAPI@@QAE@PAVUnitInterface@1@@Z) referenced in function _main
     1>Primary.obj : error LNK2019: unresolved external symbol "public: bool __thiscall BWAPI::UnitType::isResourceDepot(void)const " (?isResourceDepot@UnitType@BWAPI@@QBE_NXZ) referenced in function _main
     1>Primary.obj : error LNK2019: unresolved external symbol "public: bool __thiscall BWAPI::UnitType::isWorker(void)const " (?isWorker@UnitType@BWAPI@@QBE_NXZ) referenced in function _main
     1>Primary.obj : error LNK2019: unresolved external symbol "public: bool __thiscall BWAPI::UnitType::isBuilding(void)const " (?isBuilding@UnitType@BWAPI@@QBE_NXZ) referenced in function _main
     1>Primary.obj : error LNK2019: unresolved external symbol "class BWAPI::SetContainer<class BWAPI::UnitType,struct std::hash<int> > const & __cdecl BWAPI::UnitTypes::allUnitTypes(void)" (?allUnitTypes@UnitTypes@BWAPI@@YAABV?$SetContainer@VUnitType@BWAPI@@U?$hash@H@std@@@2@XZ) referenced in function "void __cdecl drawStats(void)" (?drawStats@@YAXXZ)
     1>Primary.obj : error LNK2019: unresolved external symbol "public: class BWAPI::UnitType __thiscall BWAPI::Race::getWorker(void)const " (?getWorker@Race@BWAPI@@QBE?AVUnitType@2@XZ) referenced in function _main
     1>Primary.obj : error LNK2019: unresolved external symbol "public: int __thiscall BWAPI::UnitInterface::getDistance(class BWAPI::PositionOrUnit)const " (?getDistance@UnitInterface@BWAPI@@QBEHVPositionOrUnit@2@@Z) referenced in function _main
     1>Primary.obj : error LNK2019: unresolved external symbol "public: bool __thiscall BWAPI::UnitInterface::train(class BWAPI::UnitType)" (?train@UnitInterface@BWAPI@@QAE_NVUnitType@2@@Z) referenced in function _main
     1>Primary.obj : error LNK2019: unresolved external symbol "public: bool __thiscall BWAPI::UnitInterface::rightClick(class BWAPI::PositionOrUnit,bool)" (?rightClick@UnitInterface@BWAPI@@QAE_NVPositionOrUnit@2@_N@Z) referenced in function _main
     1>Primary.obj : error LNK2019: unresolved external symbol "public: enum BWAPI::EventType::Enum __thiscall BWAPI::Event::getType(void)const " (?getType@Event@BWAPI@@QBE?AW4Enum@EventType@2@XZ) referenced in function _main
     1>Primary.obj : error LNK2019: unresolved external symbol "public: class BWAPI::Point<int,1> __thiscall BWAPI::Event::getPosition(void)const " (?getPosition@Event@BWAPI@@QBE?AV?$Point@H$00@2@XZ) referenced in function _main
     1>Primary.obj : error LNK2019: unresolved external symbol "public: class std::basic_string<char,struct std::char_traits<char>,class std::allocator<char> > const & __thiscall BWAPI::Event::getText(void)const " (?getText@Event@BWAPI@@QBEABV?$basic_string@DU?$char_traits@D@std@@V?$allocator@D@2@@std@@XZ) referenced in function _main
     1>Primary.obj : error LNK2019: unresolved external symbol "public: class BWAPI::UnitInterface * __thiscall BWAPI::Event::getUnit(void)const " (?getUnit@Event@BWAPI@@QBEPAVUnitInterface@2@XZ) referenced in function _main
     1>Primary.obj : error LNK2019: unresolved external symbol "public: class BWAPI::PlayerInterface * __thiscall BWAPI::Event::getPlayer(void)const " (?getPlayer@Event@BWAPI@@QBEPAVPlayerInterface@2@XZ) referenced in function _main
     1>Primary.obj : error LNK2019: unresolved external symbol "public: bool __thiscall BWAPI::Event::isWinner(void)const " (?isWinner@Event@BWAPI@@QBE_NXZ) referenced in function _main
     1>Primary.obj : error LNK2019: unresolved external symbol "public: void __cdecl BWAPI::Game::sendText(char const *,...)" (?sendText@Game@BWAPI@@QAAXPBDZZ) referenced in function _main
     1>Primary.obj : error LNK2019: unresolved external symbol "public: void __cdecl BWAPI::Game::drawTextMap(class BWAPI::Point<int,1>,char const *,...)" (?drawTextMap@Game@BWAPI@@QAAXV?$Point@H$00@2@PBDZZ) referenced in function "void __cdecl drawBullets(void)" (?drawBullets@@YAXXZ)
     1>Primary.obj : error LNK2019: unresolved external symbol "public: void __cdecl BWAPI::Game::drawTextScreen(int,int,char const *,...)" (?drawTextScreen@Game@BWAPI@@QAAXHHPBDZZ) referenced in function "void __cdecl drawStats(void)" (?drawStats@@YAXXZ)
     1>Primary.obj : error LNK2019: unresolved external symbol "public: void __thiscall BWAPI::Game::drawCircleMap(class BWAPI::Point<int,1>,int,class BWAPI::Color,bool)" (?drawCircleMap@Game@BWAPI@@QAEXV?$Point@H$00@2@HVColor@2@_N@Z) referenced in function _main
     1>Primary.obj : error LNK2019: unresolved external symbol "public: void __thiscall BWAPI::Game::drawDotMap(int,int,class BWAPI::Color)" (?drawDotMap@Game@BWAPI@@QAEXHHVColor@2@@Z) referenced in function "void __cdecl drawVisibilityData(void)" (?drawVisibilityData@@YAXXZ)
     1>Primary.obj : error LNK2019: unresolved external symbol "public: void __thiscall BWAPI::Game::drawLineMap(class BWAPI::Point<int,1>,class BWAPI::Point<int,1>,class BWAPI::Color)" (?drawLineMap@Game@BWAPI@@QAEXV?$Point@H$00@2@0VColor@2@@Z) referenced in function "void __cdecl drawBullets(void)" (?drawBullets@@YAXXZ)
     1>Primary.obj : error LNK2019: unresolved external symbol "public: class BWAPI::Game * __thiscall BWAPI::GameWrapper::operator->(void)const " (??CGameWrapper@BWAPI@@QBEPAVGame@1@XZ) referenced in function "void __cdecl drawBullets(void)" (?drawBullets@@YAXXZ)
     1>Primary.obj : error LNK2019: unresolved external symbol "public: class BWAPI::GameWrapper & __thiscall BWAPI::GameWrapper::operator<<(class std::basic_ostream<char,struct std::char_traits<char> > & (__cdecl*)(class std::basic_ostream<char,struct std::char_traits<char> > &))" (??6GameWrapper@BWAPI@@QAEAAV01@P6AAAV?$basic_ostream@DU?$char_traits@D@std@@@std@@AAV23@@Z@Z) referenced in function "void __cdecl showForces(void)" (?showForces@@YAXXZ)
     1>Primary.obj : error LNK2019: unresolved external symbol "public: bool __thiscall BWAPI::Client::isConnected(void)const " (?isConnected@Client@BWAPI@@QBE_NXZ) referenced in function _main
     1>Primary.obj : error LNK2019: unresolved external symbol "public: bool __thiscall BWAPI::Client::connect(void)" (?connect@Client@BWAPI@@QAE_NXZ) referenced in function "void __cdecl reconnect(void)" (?reconnect@@YAXXZ)
     1>Primary.obj : error LNK2019: unresolved external symbol "public: void __thiscall BWAPI::Client::update(void)" (?update@Client@BWAPI@@QAEXXZ) referenced in function _main
     1>Primary.obj : error LNK2001: unresolved external symbol "protected: static class std::basic_string<char,struct std::char_traits<char>,class std::allocator<char> > const * const BWAPI::Type<class BWAPI::UnitType,233>::typeNames" (?typeNames@?$Type@VUnitType@BWAPI@@$0OJ@@BWAPI@@1QBV?$basic_string@DU?$char_traits@D@std@@V?$allocator@D@2@@std@@B)
     1>Primary.obj : error LNK2001: unresolved external symbol "class BWAPI::UnitType const BWAPI::UnitTypes::AllUnits" (?AllUnits@UnitTypes@BWAPI@@3VUnitType@2@B)
     1>Primary.obj : error LNK2001: unresolved external symbol "protected: static class std::basic_string<char,struct std::char_traits<char>,class std::allocator<char> > const * const BWAPI::Type<class BWAPI::Race,8>::typeNames" (?typeNames@?$Type@VRace@BWAPI@@$07@BWAPI@@1QBV?$basic_string@DU?$char_traits@D@std@@V?$allocator@D@2@@std@@B)
     1>Primary.obj : error LNK2001: unresolved external symbol "protected: static class std::basic_string<char,struct std::char_traits<char>,class std::allocator<char> > const * const BWAPI::Type<class BWAPI::BulletType,210>::typeNames" (?typeNames@?$Type@VBulletType@BWAPI@@$0NC@@BWAPI@@1QBV?$basic_string@DU?$char_traits@D@std@@V?$allocator@D@2@@std@@B)
     1>Primary.obj : error LNK2001: unresolved external symbol "class BWAPI::Color const BWAPI::Colors::Red" (?Red@Colors@BWAPI@@3VColor@2@B)
     1>Primary.obj : error LNK2001: unresolved external symbol "class BWAPI::Color const BWAPI::Colors::Blue" (?Blue@Colors@BWAPI@@3VColor@2@B)
     1>Primary.obj : error LNK2001: unresolved external symbol "class BWAPI::Color const BWAPI::Colors::Green" (?Green@Colors@BWAPI@@3VColor@2@B)
     1>Primary.obj : error LNK2001: unresolved external symbol "class BWAPI::GameWrapper BWAPI::Broodwar" (?Broodwar@BWAPI@@3VGameWrapper@1@A)
     1>Primary.obj : error LNK2001: unresolved external symbol "class BWAPI::Client BWAPI::BWAPIClient" (?BWAPIClient@BWAPI@@3VClient@1@A)
     1>D:\Bachelor\StarcraftAIClient\Debug\StarcraftAIClient.exe : fatal error LNK1120: 35 unresolved externals
     1>Done Building Project "D:\Bachelor\StarcraftAIClient\StarcraftAIClient\StarcraftAIClient.vcxproj" (Build target(s)) -- FAILED.

Build FAILED.

Time Elapsed 00:00:01.78
