\BOOKMARK [0][]{chapter*.1}{Summary \(English\)}{}% 1
\BOOKMARK [0][]{chapter*.2}{Summary \(Danish\)}{}% 2
\BOOKMARK [0][]{chapter*.3}{Preface}{}% 3
\BOOKMARK [0][]{chapter*.4}{Acknowledgements}{}% 4
\BOOKMARK [0][]{toc.0}{Contents}{}% 5
\BOOKMARK [0][]{chapter.1}{1 Introduction}{}% 6
\BOOKMARK [0][]{chapter.2}{2 Project Process}{}% 7
\BOOKMARK [1][]{section.2.1}{2.1 Project Plan}{chapter.2}% 8
\BOOKMARK [0][]{chapter.3}{3 StarCraft}{}% 9
\BOOKMARK [0][]{chapter.4}{4 Bots in StarCraft}{}% 10
\BOOKMARK [1][]{section.4.1}{4.1 Bots}{chapter.4}% 11
\BOOKMARK [0][]{chapter.5}{5 Agent Design}{}% 12
\BOOKMARK [1][]{section.5.1}{5.1 Architecture Design}{chapter.5}% 13
\BOOKMARK [1][]{section.5.2}{5.2 Implementation Details}{chapter.5}% 14
\BOOKMARK [0][]{chapter.6}{6 Workers and Resources}{}% 15
\BOOKMARK [1][]{section.6.1}{6.1 Managing Workers}{chapter.6}% 16
\BOOKMARK [1][]{section.6.2}{6.2 Mining Minerals}{chapter.6}% 17
\BOOKMARK [1][]{section.6.3}{6.3 Harvesting Gas}{chapter.6}% 18
\BOOKMARK [0][]{chapter.7}{7 Production}{}% 19
\BOOKMARK [1][]{section.7.1}{7.1 Production Architecture}{chapter.7}% 20
\BOOKMARK [1][]{section.7.2}{7.2 Training Units}{chapter.7}% 21
\BOOKMARK [1][]{section.7.3}{7.3 Building Structures}{chapter.7}% 22
\BOOKMARK [1][]{section.7.4}{7.4 Building Expansions}{chapter.7}% 23
\BOOKMARK [0][]{chapter.8}{8 Exploration}{}% 24
\BOOKMARK [1][]{section.8.1}{8.1 Tracking Units}{chapter.8}% 25
\BOOKMARK [1][]{section.8.2}{8.2 Scouting}{chapter.8}% 26
\BOOKMARK [0][]{chapter.9}{9 Combat}{}% 27
\BOOKMARK [1][]{section.9.1}{9.1 Managing Troops}{chapter.9}% 28
\BOOKMARK [1][]{section.9.2}{9.2 Combat Prediction}{chapter.9}% 29
\BOOKMARK [1][]{section.9.3}{9.3 Attacking}{chapter.9}% 30
\BOOKMARK [1][]{section.9.4}{9.4 Defending}{chapter.9}% 31
\BOOKMARK [0][]{chapter.10}{10 Macro Strategy}{}% 32
\BOOKMARK [1][]{section.10.1}{10.1 Strategy Architecture}{chapter.10}% 33
\BOOKMARK [1][]{section.10.2}{10.2 Build-order}{chapter.10}% 34
\BOOKMARK [1][]{section.10.3}{10.3 Economy Strategy}{chapter.10}% 35
\BOOKMARK [1][]{section.10.4}{10.4 Combat Strategy}{chapter.10}% 36
\BOOKMARK [0][]{chapter.11}{11 Results and Evaluation}{}% 37
\BOOKMARK [0][]{chapter.12}{12 Conclusion}{}% 38
\BOOKMARK [0][]{chapter.12}{Bibliography}{}% 39
