Build started 27-02-2015 14:41:40.
     1>Project "D:\Bachelor\Bots\UAlbertaBot\UAlbertaBot\VisualStudio\UAlbertaBot.vcxproj" on node 2 (Build target(s)).
     1>ClCompile:
         D:\Programs\Microsoft Visual Studio 9.0\VC\bin\CL.exe /c /I../SparCraft/source /I../Source /I"D:\Programs\BWAPI 3.7.4/include" /ID:\Tools\boost_1_57_0 /I/include/freetype2 /I/include /I/include /I/include /ZI /nologo /W3 /WX- /Od /Oy- /D WIN32 /D _DEBUG /D _WINDOWS /D _USRDLL /D EXAMPLEAIMODULE_EXPORTS /D NOMINMAX /D _WINDLL /D _UNICODE /D UNICODE /Gm /EHsc /RTC1 /MDd /GS /fp:precise /Zc:wchar_t /Zc:forScope /Fo"Debug\\" /Fd"Debug\vc90.pdb" /Gd /TP /analyze- /errorReport:prompt ..\Source\base\BuildLearner.cpp ..\Source\CombatSimulation.cpp ..\Source\MicroSearchManager.cpp ..\Source\base\BuildingData.cpp ..\Source\base\BuildingManager.cpp ..\Source\base\BuildingPlacer.cpp ..\Source\base\BuildOrderGoalManager.cpp ..\Source\base\BuildOrderQueue.cpp ..\Source\base\ProductionManager.cpp ..\Source\base\StarcraftBuildOrderSearchManager.cpp ..\Source\base\WorkerData.cpp ..\Source\base\WorkerManager.cpp ..\Source\CombatCommander.cpp ..\Source\Common.cpp ..\Source\Dll.cpp ..\Source\GameCommander.cpp ..\Source\HardCodedInfo.cpp ..\Source\InformationManager.cpp ..\Source\Logger.cpp ..\Source\MapGrid.cpp ..\Source\MapTools.cpp ..\Source\micromanagement\DetectorManager.cpp ..\Source\micromanagement\MeleeManager.cpp ..\Source\micromanagement\MicroManager.cpp ..\Source\micromanagement\MicroUtil.cpp ..\Source\micromanagement\ObserverManager.cpp ..\Source\micromanagement\RangedManager.cpp ..\Source\micromanagement\TransportManager.cpp ..\Source\Options.cpp ..\Source\ReplayVisualizer.cpp ..\Source\ScoutManager.cpp ..\Source\Squad.cpp ..\Source\SquadData.cpp ..\Source\StrategyManager.cpp ..\Source\UAlbertaBotModule.cpp ..\Source\UnitCommandData.cpp ..\Source\UnitCommandManager.cpp ..\Source\UnitData.cpp ..\Source\Visualizer.cpp
         Visualizer.cpp
         UnitData.cpp
         UnitCommandManager.cpp
         UnitCommandData.cpp
         UAlbertaBotModule.cpp
     1>d:\bachelor\bots\ualbertabot\ualbertabot\source\ualbertabotmodule.cpp(174): warning C4018: '<' : signed/unsigned mismatch
     1>d:\bachelor\bots\ualbertabot\ualbertabot\source\ualbertabotmodule.cpp(185): warning C4018: '<' : signed/unsigned mismatch
         StrategyManager.cpp
         SquadData.cpp
         Squad.cpp
         ScoutManager.cpp
         ReplayVisualizer.cpp
         Options.cpp
         TransportManager.cpp
         RangedManager.cpp
         ObserverManager.cpp
         MicroUtil.cpp
         MicroManager.cpp
         MeleeManager.cpp
         DetectorManager.cpp
         MapTools.cpp
         MapGrid.cpp
         Generating Code...
         Compiling...
         Logger.cpp
         InformationManager.cpp
         HardCodedInfo.cpp
         GameCommander.cpp
         Dll.cpp
         Common.cpp
         CombatCommander.cpp
         WorkerManager.cpp
         WorkerData.cpp
         StarcraftBuildOrderSearchManager.cpp
         ProductionManager.cpp
         BuildOrderQueue.cpp
         BuildOrderGoalManager.cpp
         BuildingPlacer.cpp
         BuildingManager.cpp
         BuildingData.cpp
         MicroSearchManager.cpp
         CombatSimulation.cpp
     1>d:\bachelor\bots\ualbertabot\ualbertabot\source\combatsimulation.cpp(31): warning C4101: 'e' : unreferenced local variable
     1>d:\bachelor\bots\ualbertabot\ualbertabot\source\combatsimulation.cpp(46): warning C4101: 'e' : unreferenced local variable
     1>d:\bachelor\bots\ualbertabot\ualbertabot\source\combatsimulation.cpp(112): warning C4101: 'e' : unreferenced local variable
         BuildLearner.cpp
         Generating Code...
       ManifestResourceCompile:
         C:\Program Files (x86)\Microsoft SDKs\Windows\v7.0A\bin\rc.exe /fo"Debug\UAlbertaBot.dll.embed.manifest.res" Debug\UAlbertaBot_manifest.rc 
         Microsoft (R) Windows (R) Resource Compiler Version 6.1.7600.16385
         
         Copyright (C) Microsoft Corporation.  All rights reserved.
         
         
       Link:
         D:\Programs\Microsoft Visual Studio 9.0\VC\bin\link.exe /ERRORREPORT:PROMPT /OUT:"D:\Bachelor\Bots\UAlbertaBot\UAlbertaBot\VisualStudio\Debug\UAlbertaBot.dll" /INCREMENTAL /NOLOGO "D:\Programs\BWAPI 3.7.4/lib/BWAPId.lib" "D:\Programs\BWAPI 3.7.4/lib/BWTAd.lib" "D:\Programs\BWAPI 3.7.4/lib/tinyxmld.lib" "D:\Programs\BWAPI 3.7.4/lib/CGAL-vc90-mt-gd.lib" "D:\Programs\BWAPI 3.7.4/lib/libboost_thread-vc90-mt-gd-1_40.lib" "D:\Programs\BWAPI 3.7.4/lib/gmp-vc90-mt-gd.lib" "D:\Programs\BWAPI 3.7.4/lib/mpfr-vc90-mt-gd.lib" ../../StarcraftBuildOrderSearch/VisualStudio/Debug/StarCraftData.obj Debug/SparCraft.lib /SDL.lib /SDLmain.lib /opengl32.lib /SDL_image.lib /SDL_gfx.lib kernel32.lib user32.lib gdi32.lib winspool.lib comdlg32.lib advapi32.lib shell32.lib ole32.lib oleaut32.lib uuid.lib odbc32.lib odbccp32.lib /MANIFEST /ManifestFile:"Debug\UAlbertaBot.dll.intermediate.manifest" /MANIFESTUAC:"level='asInvoker' uiAccess='false'" /DEBUG /PDB:"D:\Bachelor\Bots\UAlbertaBot\UAlbertaBot\VisualStudio\Debug\UAlbertaBot.pdb" /SUBSYSTEM:WINDOWS /TLBID:1 /DYNAMICBASE /NXCOMPAT /IMPLIB:"D:\Bachelor\Bots\UAlbertaBot\UAlbertaBot\VisualStudio\Debug\UAlbertaBot.lib" /MACHINE:X86 /DLL Debug\UAlbertaBot.dll.embed.manifest.res
         Debug\BuildLearner.obj
         Debug\CombatSimulation.obj
         Debug\MicroSearchManager.obj
         Debug\BuildingData.obj
         Debug\BuildingManager.obj
         Debug\BuildingPlacer.obj
         Debug\BuildOrderGoalManager.obj
         Debug\BuildOrderQueue.obj
         Debug\ProductionManager.obj
         Debug\StarcraftBuildOrderSearchManager.obj
         Debug\WorkerData.obj
         Debug\WorkerManager.obj
         Debug\CombatCommander.obj
         Debug\Common.obj
         Debug\Dll.obj
         Debug\GameCommander.obj
         Debug\HardCodedInfo.obj
         Debug\InformationManager.obj
         Debug\Logger.obj
         Debug\MapGrid.obj
         Debug\MapTools.obj
         Debug\DetectorManager.obj
         Debug\MeleeManager.obj
         Debug\MicroManager.obj
         Debug\MicroUtil.obj
         Debug\ObserverManager.obj
         Debug\RangedManager.obj
         Debug\TransportManager.obj
         Debug\Options.obj
         Debug\ReplayVisualizer.obj
         Debug\ScoutManager.obj
         Debug\Squad.obj
         Debug\SquadData.obj
         Debug\StrategyManager.obj
         Debug\UAlbertaBotModule.obj
         Debug\UnitCommandData.obj
         Debug\UnitCommandManager.obj
         Debug\UnitData.obj
         Debug\Visualizer.obj
     1>LINK : warning LNK4044: unrecognized option '/SDL.lib'; ignored
     1>LINK : warning LNK4044: unrecognized option '/SDLmain.lib'; ignored
     1>LINK : warning LNK4044: unrecognized option '/opengl32.lib'; ignored
     1>LINK : warning LNK4044: unrecognized option '/SDL_image.lib'; ignored
     1>LINK : warning LNK4044: unrecognized option '/SDL_gfx.lib'; ignored
            Creating library D:\Bachelor\Bots\UAlbertaBot\UAlbertaBot\VisualStudio\Debug\UAlbertaBot.lib and object D:\Bachelor\Bots\UAlbertaBot\UAlbertaBot\VisualStudio\Debug\UAlbertaBot.exp
     1>LINK : warning LNK4098: defaultlib 'LIBCMTD' conflicts with use of other libs; use /NODEFAULTLIB:library
       Manifest:
         C:\Program Files (x86)\Microsoft SDKs\Windows\v7.0A\bin\mt.exe /nologo /verbose /out:"Debug\UAlbertaBot.dll.embed.manifest" /manifest Debug\UAlbertaBot.dll.intermediate.manifest
         C:\Program Files (x86)\Microsoft SDKs\Windows\v7.0A\bin\rc.exe /fo"Debug\UAlbertaBot.dll.embed.manifest.res" Debug\UAlbertaBot_manifest.rc 
         Microsoft (R) Windows (R) Resource Compiler Version 6.1.7600.16385
         
         Copyright (C) Microsoft Corporation.  All rights reserved.
         
         
       LinkEmbedManifest:
         D:\Programs\Microsoft Visual Studio 9.0\VC\bin\link.exe /ERRORREPORT:PROMPT /OUT:"D:\Bachelor\Bots\UAlbertaBot\UAlbertaBot\VisualStudio\Debug\UAlbertaBot.dll" /INCREMENTAL /NOLOGO "D:\Programs\BWAPI 3.7.4/lib/BWAPId.lib" "D:\Programs\BWAPI 3.7.4/lib/BWTAd.lib" "D:\Programs\BWAPI 3.7.4/lib/tinyxmld.lib" "D:\Programs\BWAPI 3.7.4/lib/CGAL-vc90-mt-gd.lib" "D:\Programs\BWAPI 3.7.4/lib/libboost_thread-vc90-mt-gd-1_40.lib" "D:\Programs\BWAPI 3.7.4/lib/gmp-vc90-mt-gd.lib" "D:\Programs\BWAPI 3.7.4/lib/mpfr-vc90-mt-gd.lib" ../../StarcraftBuildOrderSearch/VisualStudio/Debug/StarCraftData.obj Debug/SparCraft.lib /SDL.lib /SDLmain.lib /opengl32.lib /SDL_image.lib /SDL_gfx.lib kernel32.lib user32.lib gdi32.lib winspool.lib comdlg32.lib advapi32.lib shell32.lib ole32.lib oleaut32.lib uuid.lib odbc32.lib odbccp32.lib /MANIFEST /ManifestFile:"Debug\UAlbertaBot.dll.intermediate.manifest" /MANIFESTUAC:"level='asInvoker' uiAccess='false'" /DEBUG /PDB:"D:\Bachelor\Bots\UAlbertaBot\UAlbertaBot\VisualStudio\Debug\UAlbertaBot.pdb" /SUBSYSTEM:WINDOWS /TLBID:1 /DYNAMICBASE /NXCOMPAT /IMPLIB:"D:\Bachelor\Bots\UAlbertaBot\UAlbertaBot\VisualStudio\Debug\UAlbertaBot.lib" /MACHINE:X86 /DLL Debug\UAlbertaBot.dll.embed.manifest.res
         Debug\BuildLearner.obj
         Debug\CombatSimulation.obj
         Debug\MicroSearchManager.obj
         Debug\BuildingData.obj
         Debug\BuildingManager.obj
         Debug\BuildingPlacer.obj
         Debug\BuildOrderGoalManager.obj
         Debug\BuildOrderQueue.obj
         Debug\ProductionManager.obj
         Debug\StarcraftBuildOrderSearchManager.obj
         Debug\WorkerData.obj
         Debug\WorkerManager.obj
         Debug\CombatCommander.obj
         Debug\Common.obj
         Debug\Dll.obj
         Debug\GameCommander.obj
         Debug\HardCodedInfo.obj
         Debug\InformationManager.obj
         Debug\Logger.obj
         Debug\MapGrid.obj
         Debug\MapTools.obj
         Debug\DetectorManager.obj
         Debug\MeleeManager.obj
         Debug\MicroManager.obj
         Debug\MicroUtil.obj
         Debug\ObserverManager.obj
         Debug\RangedManager.obj
         Debug\TransportManager.obj
         Debug\Options.obj
         Debug\ReplayVisualizer.obj
         Debug\ScoutManager.obj
         Debug\Squad.obj
         Debug\SquadData.obj
         Debug\StrategyManager.obj
         Debug\UAlbertaBotModule.obj
         Debug\UnitCommandData.obj
         Debug\UnitCommandManager.obj
         Debug\UnitData.obj
         Debug\Visualizer.obj
     1>LINK : warning LNK4044: unrecognized option '/SDL.lib'; ignored
     1>LINK : warning LNK4044: unrecognized option '/SDLmain.lib'; ignored
     1>LINK : warning LNK4044: unrecognized option '/opengl32.lib'; ignored
     1>LINK : warning LNK4044: unrecognized option '/SDL_image.lib'; ignored
     1>LINK : warning LNK4044: unrecognized option '/SDL_gfx.lib'; ignored
     1>LINK : warning LNK4044: unrecognized option '/SDL.lib'; ignored
     1>LINK : warning LNK4044: unrecognized option '/SDLmain.lib'; ignored
     1>LINK : warning LNK4044: unrecognized option '/opengl32.lib'; ignored
     1>LINK : warning LNK4044: unrecognized option '/SDL_image.lib'; ignored
     1>LINK : warning LNK4044: unrecognized option '/SDL_gfx.lib'; ignored
            Creating library D:\Bachelor\Bots\UAlbertaBot\UAlbertaBot\VisualStudio\Debug\UAlbertaBot.lib and object D:\Bachelor\Bots\UAlbertaBot\UAlbertaBot\VisualStudio\Debug\UAlbertaBot.exp
     1>LINK : warning LNK4098: defaultlib 'LIBCMTD' conflicts with use of other libs; use /NODEFAULTLIB:library
         UAlbertaBot.vcxproj -> D:\Bachelor\Bots\UAlbertaBot\UAlbertaBot\VisualStudio\Debug\UAlbertaBot.dll
     1>Done Building Project "D:\Bachelor\Bots\UAlbertaBot\UAlbertaBot\VisualStudio\UAlbertaBot.vcxproj" (Build target(s)).

Build succeeded.

Time Elapsed 00:01:36.48
