\BOOKMARK [0][]{chapter*.1}{Summary \(English\)}{}% 1
\BOOKMARK [0][]{chapter*.2}{Summary \(Danish\)}{}% 2
\BOOKMARK [0][]{chapter*.3}{Preface}{}% 3
\BOOKMARK [0][]{chapter*.4}{Acknowledgements}{}% 4
\BOOKMARK [0][]{toc.0}{Contents}{}% 5
\BOOKMARK [0][]{chapter.1}{1 Introduction}{}% 6
\BOOKMARK [1][]{section.1.1}{1.1 The ``separate document''}{chapter.1}% 7
\BOOKMARK [1][]{section.1.2}{1.2 Starcraft: Brood War}{chapter.1}% 8
\BOOKMARK [1][]{section.1.3}{1.3 BWAPI}{chapter.1}% 9
\BOOKMARK [1][]{section.1.4}{1.4 AI Competitions}{chapter.1}% 10
\BOOKMARK [1][]{section.1.5}{1.5 Process}{chapter.1}% 11
\BOOKMARK [0][]{chapter.2}{2 Datastructure Design}{}% 12
\BOOKMARK [1][]{section.2.1}{2.1 Overall Design Paradigm}{chapter.2}% 13
\BOOKMARK [0][]{chapter.3}{3 Information Management}{}% 14
\BOOKMARK [1][]{section.3.1}{3.1 Scouting}{chapter.3}% 15
\BOOKMARK [2][]{subsection.3.1.1}{3.1.1 Initial Scouting}{section.3.1}% 16
\BOOKMARK [2][]{subsection.3.1.2}{3.1.2 Intelligence Management}{section.3.1}% 17
\BOOKMARK [0][]{chapter.4}{4 Resources and Bases}{}% 18
\BOOKMARK [1][]{section.4.1}{4.1 Resource Management}{chapter.4}% 19
\BOOKMARK [0][]{chapter.5}{5 Production and Expansion}{}% 20
\BOOKMARK [1][]{section.5.1}{5.1 Training Units}{chapter.5}% 21
\BOOKMARK [1][]{section.5.2}{5.2 Building Structures}{chapter.5}% 22
\BOOKMARK [1][]{section.5.3}{5.3 Building Expansions}{chapter.5}% 23
\BOOKMARK [0][]{chapter.6}{6 Combat}{}% 24
\BOOKMARK [1][]{section.6.1}{6.1 Scouting}{chapter.6}% 25
\BOOKMARK [2][]{subsection.6.1.1}{6.1.1 Initial Scouting}{section.6.1}% 26
\BOOKMARK [2][]{subsection.6.1.2}{6.1.2 Intelligence Management}{section.6.1}% 27
\BOOKMARK [1][]{section.6.2}{6.2 Attacking}{chapter.6}% 28
\BOOKMARK [2][]{subsection.6.2.1}{6.2.1 Combat}{section.6.2}% 29
\BOOKMARK [1][]{section.6.3}{6.3 Defending}{chapter.6}% 30
\BOOKMARK [0][]{chapter.7}{7 Strategy}{}% 31
\BOOKMARK [1][]{section.7.1}{7.1 Strategies}{chapter.7}% 32
\BOOKMARK [2][]{subsection.7.1.1}{7.1.1 Build-orders}{section.7.1}% 33
\BOOKMARK [0][]{chapter.8}{8 Conclusion}{}% 34
\BOOKMARK [0][]{appendix.A}{A Stuff}{}% 35
